<?xml version="1.0" encoding="UTF-8"?>
<testsuite xmlns:xsi="http://www.w3.org/2001/XMLSchema-instance" xsi:noNamespaceSchemaLocation="https://maven.apache.org/surefire/maven-surefire-plugin/xsd/surefire-test-report.xsd" name="cucumber.Options.TestRunner" time="6.207" tests="4" errors="0" skipped="0" failures="0">
  <properties>
    <property name="java.specification.version" value="18"/>
    <property name="sun.jnu.encoding" value="UTF-8"/>
    <property name="java.class.path" value="/Users/kevinorukele/Javaprojects/gitjavaprojects/RestAssuredAutomationE2EFramework/target/test-classes:/Users/kevinorukele/Javaprojects/gitjavaprojects/RestAssuredAutomationE2EFramework/target/classes:/Users/kevinorukele/.m2/repository/io/cucumber/cucumber-java/7.3.3/cucumber-java-7.3.3.jar:/Users/kevinorukele/.m2/repository/io/cucumber/cucumber-core/7.3.3/cucumber-core-7.3.3.jar:/Users/kevinorukele/.m2/repository/io/cucumber/cucumber-gherkin/7.3.3/cucumber-gherkin-7.3.3.jar:/Users/kevinorukele/.m2/repository/io/cucumber/cucumber-gherkin-messages/7.3.3/cucumber-gherkin-messages-7.3.3.jar:/Users/kevinorukele/.m2/repository/io/cucumber/gherkin/23.0.1/gherkin-23.0.1.jar:/Users/kevinorukele/.m2/repository/io/cucumber/messages/18.0.0/messages-18.0.0.jar:/Users/kevinorukele/.m2/repository/io/cucumber/tag-expressions/4.1.0/tag-expressions-4.1.0.jar:/Users/kevinorukele/.m2/repository/io/cucumber/cucumber-expressions/15.1.1/cucumber-expressions-15.1.1.jar:/Users/kevinorukele/.m2/repository/io/cucumber/datatable/7.3.3/datatable-7.3.3.jar:/Users/kevinorukele/.m2/repository/io/cucumber/cucumber-plugin/7.3.3/cucumber-plugin-7.3.3.jar:/Users/kevinorukele/.m2/repository/io/cucumber/docstring/7.3.3/docstring-7.3.3.jar:/Users/kevinorukele/.m2/repository/io/cucumber/html-formatter/19.1.0/html-formatter-19.1.0.jar:/Users/kevinorukele/.m2/repository/io/cucumber/ci-environment/9.0.4/ci-environment-9.0.4.jar:/Users/kevinorukele/.m2/repository/org/apiguardian/apiguardian-api/1.1.2/apiguardian-api-1.1.2.jar:/Users/kevinorukele/.m2/repository/io/cucumber/cucumber-junit/7.3.3/cucumber-junit-7.3.3.jar:/Users/kevinorukele/.m2/repository/junit/junit/4.13.2/junit-4.13.2.jar:/Users/kevinorukele/.m2/repository/org/hamcrest/hamcrest-core/1.3/hamcrest-core-1.3.jar:/Users/kevinorukele/.m2/repository/io/rest-assured/rest-assured/5.0.1/rest-assured-5.0.1.jar:/Users/kevinorukele/.m2/repository/org/apache/groovy/groovy/4.0.1/groovy-4.0.1.jar:/Users/kevinorukele/.m2/repository/org/apache/groovy/groovy-xml/4.0.1/groovy-xml-4.0.1.jar:/Users/kevinorukele/.m2/repository/org/apache/httpcomponents/httpclient/4.5.13/httpclient-4.5.13.jar:/Users/kevinorukele/.m2/repository/org/apache/httpcomponents/httpcore/4.4.13/httpcore-4.4.13.jar:/Users/kevinorukele/.m2/repository/commons-logging/commons-logging/1.2/commons-logging-1.2.jar:/Users/kevinorukele/.m2/repository/commons-codec/commons-codec/1.11/commons-codec-1.11.jar:/Users/kevinorukele/.m2/repository/org/apache/httpcomponents/httpmime/4.5.13/httpmime-4.5.13.jar:/Users/kevinorukele/.m2/repository/org/hamcrest/hamcrest/2.1/hamcrest-2.1.jar:/Users/kevinorukele/.m2/repository/org/ccil/cowan/tagsoup/tagsoup/1.2.1/tagsoup-1.2.1.jar:/Users/kevinorukele/.m2/repository/io/rest-assured/xml-path/5.0.1/xml-path-5.0.1.jar:/Users/kevinorukele/.m2/repository/org/apache/commons/commons-lang3/3.11/commons-lang3-3.11.jar:/Users/kevinorukele/.m2/repository/io/rest-assured/json-path/5.0.1/json-path-5.0.1.jar:/Users/kevinorukele/.m2/repository/org/apache/groovy/groovy-json/4.0.1/groovy-json-4.0.1.jar:/Users/kevinorukele/.m2/repository/io/rest-assured/rest-assured-common/5.0.1/rest-assured-common-5.0.1.jar:/Users/kevinorukele/.m2/repository/com/fasterxml/jackson/core/jackson-databind/2.12.0/jackson-databind-2.12.0.jar:/Users/kevinorukele/.m2/repository/com/fasterxml/jackson/core/jackson-annotations/2.12.0/jackson-annotations-2.12.0.jar:/Users/kevinorukele/.m2/repository/com/fasterxml/jackson/core/jackson-core/2.12.0/jackson-core-2.12.0.jar:/Users/kevinorukele/.m2/repository/com/fasterxml/jackson/datatype/jackson-datatype-jdk8/2.13.3/jackson-datatype-jdk8-2.13.3.jar:"/>
    <property name="java.vm.vendor" value="Eclipse Adoptium"/>
    <property name="sun.arch.data.model" value="64"/>
    <property name="java.vendor.url" value="https://adoptium.net/"/>
    <property name="os.name" value="Mac OS X"/>
    <property name="java.vm.specification.version" value="18"/>
    <property name="sun.java.launcher" value="SUN_STANDARD"/>
    <property name="user.country" value="GB"/>
    <property name="sun.boot.library.path" value="/Library/Java/JavaVirtualMachines/temurin-18.jdk/Contents/Home/lib"/>
    <property name="sun.java.command" value="/Users/kevinorukele/Javaprojects/gitjavaprojects/RestAssuredAutomationE2EFramework/target/surefire/surefirebooter11293701928449316692.jar /Users/kevinorukele/Javaprojects/gitjavaprojects/RestAssuredAutomationE2EFramework/target/surefire 2022-09-01T00-31-43_173-jvmRun1 surefire10366203777801085051tmp surefire_01798074526893178309tmp"/>
    <property name="http.nonProxyHosts" value="local|*.local|169.254/16|*.169.254/16"/>
    <property name="jdk.debug" value="release"/>
    <property name="surefire.test.class.path" value="/Users/kevinorukele/Javaprojects/gitjavaprojects/RestAssuredAutomationE2EFramework/target/test-classes:/Users/kevinorukele/Javaprojects/gitjavaprojects/RestAssuredAutomationE2EFramework/target/classes:/Users/kevinorukele/.m2/repository/io/cucumber/cucumber-java/7.3.3/cucumber-java-7.3.3.jar:/Users/kevinorukele/.m2/repository/io/cucumber/cucumber-core/7.3.3/cucumber-core-7.3.3.jar:/Users/kevinorukele/.m2/repository/io/cucumber/cucumber-gherkin/7.3.3/cucumber-gherkin-7.3.3.jar:/Users/kevinorukele/.m2/repository/io/cucumber/cucumber-gherkin-messages/7.3.3/cucumber-gherkin-messages-7.3.3.jar:/Users/kevinorukele/.m2/repository/io/cucumber/gherkin/23.0.1/gherkin-23.0.1.jar:/Users/kevinorukele/.m2/repository/io/cucumber/messages/18.0.0/messages-18.0.0.jar:/Users/kevinorukele/.m2/repository/io/cucumber/tag-expressions/4.1.0/tag-expressions-4.1.0.jar:/Users/kevinorukele/.m2/repository/io/cucumber/cucumber-expressions/15.1.1/cucumber-expressions-15.1.1.jar:/Users/kevinorukele/.m2/repository/io/cucumber/datatable/7.3.3/datatable-7.3.3.jar:/Users/kevinorukele/.m2/repository/io/cucumber/cucumber-plugin/7.3.3/cucumber-plugin-7.3.3.jar:/Users/kevinorukele/.m2/repository/io/cucumber/docstring/7.3.3/docstring-7.3.3.jar:/Users/kevinorukele/.m2/repository/io/cucumber/html-formatter/19.1.0/html-formatter-19.1.0.jar:/Users/kevinorukele/.m2/repository/io/cucumber/ci-environment/9.0.4/ci-environment-9.0.4.jar:/Users/kevinorukele/.m2/repository/org/apiguardian/apiguardian-api/1.1.2/apiguardian-api-1.1.2.jar:/Users/kevinorukele/.m2/repository/io/cucumber/cucumber-junit/7.3.3/cucumber-junit-7.3.3.jar:/Users/kevinorukele/.m2/repository/junit/junit/4.13.2/junit-4.13.2.jar:/Users/kevinorukele/.m2/repository/org/hamcrest/hamcrest-core/1.3/hamcrest-core-1.3.jar:/Users/kevinorukele/.m2/repository/io/rest-assured/rest-assured/5.0.1/rest-assured-5.0.1.jar:/Users/kevinorukele/.m2/repository/org/apache/groovy/groovy/4.0.1/groovy-4.0.1.jar:/Users/kevinorukele/.m2/repository/org/apache/groovy/groovy-xml/4.0.1/groovy-xml-4.0.1.jar:/Users/kevinorukele/.m2/repository/org/apache/httpcomponents/httpclient/4.5.13/httpclient-4.5.13.jar:/Users/kevinorukele/.m2/repository/org/apache/httpcomponents/httpcore/4.4.13/httpcore-4.4.13.jar:/Users/kevinorukele/.m2/repository/commons-logging/commons-logging/1.2/commons-logging-1.2.jar:/Users/kevinorukele/.m2/repository/commons-codec/commons-codec/1.11/commons-codec-1.11.jar:/Users/kevinorukele/.m2/repository/org/apache/httpcomponents/httpmime/4.5.13/httpmime-4.5.13.jar:/Users/kevinorukele/.m2/repository/org/hamcrest/hamcrest/2.1/hamcrest-2.1.jar:/Users/kevinorukele/.m2/repository/org/ccil/cowan/tagsoup/tagsoup/1.2.1/tagsoup-1.2.1.jar:/Users/kevinorukele/.m2/repository/io/rest-assured/xml-path/5.0.1/xml-path-5.0.1.jar:/Users/kevinorukele/.m2/repository/org/apache/commons/commons-lang3/3.11/commons-lang3-3.11.jar:/Users/kevinorukele/.m2/repository/io/rest-assured/json-path/5.0.1/json-path-5.0.1.jar:/Users/kevinorukele/.m2/repository/org/apache/groovy/groovy-json/4.0.1/groovy-json-4.0.1.jar:/Users/kevinorukele/.m2/repository/io/rest-assured/rest-assured-common/5.0.1/rest-assured-common-5.0.1.jar:/Users/kevinorukele/.m2/repository/com/fasterxml/jackson/core/jackson-databind/2.12.0/jackson-databind-2.12.0.jar:/Users/kevinorukele/.m2/repository/com/fasterxml/jackson/core/jackson-annotations/2.12.0/jackson-annotations-2.12.0.jar:/Users/kevinorukele/.m2/repository/com/fasterxml/jackson/core/jackson-core/2.12.0/jackson-core-2.12.0.jar:/Users/kevinorukele/.m2/repository/com/fasterxml/jackson/datatype/jackson-datatype-jdk8/2.13.3/jackson-datatype-jdk8-2.13.3.jar:"/>
    <property name="sun.cpu.endian" value="little"/>
    <property name="user.home" value="/Users/kevinorukele"/>
    <property name="user.language" value="en"/>
    <property name="java.specification.vendor" value="Oracle Corporation"/>
    <property name="java.version.date" value="2022-04-19"/>
    <property name="java.home" value="/Library/Java/JavaVirtualMachines/temurin-18.jdk/Contents/Home"/>
    <property name="file.separator" value="/"/>
    <property name="basedir" value="/Users/kevinorukele/Javaprojects/gitjavaprojects/RestAssuredAutomationE2EFramework"/>
    <property name="java.vm.compressedOopsMode" value="Zero based"/>
    <property name="line.separator" value="&#10;"/>
    <property name="java.vm.specification.vendor" value="Oracle Corporation"/>
    <property name="java.specification.name" value="Java Platform API Specification"/>
    <property name="apple.awt.application.name" value="ForkedBooter"/>
    <property name="surefire.real.class.path" value="/Users/kevinorukele/Javaprojects/gitjavaprojects/RestAssuredAutomationE2EFramework/target/surefire/surefirebooter11293701928449316692.jar"/>
    <property name="sun.management.compiler" value="HotSpot 64-Bit Tiered Compilers"/>
    <property name="ftp.nonProxyHosts" value="local|*.local|169.254/16|*.169.254/16"/>
    <property name="java.runtime.version" value="18.0.1+10"/>
    <property name="user.name" value="kevinorukele"/>
    <property name="path.separator" value=":"/>
    <property name="os.version" value="12.5.1"/>
    <property name="java.runtime.name" value="OpenJDK Runtime Environment"/>
    <property name="file.encoding" value="UTF-8"/>
    <property name="java.vm.name" value="OpenJDK 64-Bit Server VM"/>
    <property name="java.vendor.version" value="Temurin-18.0.1+10"/>
    <property name="localRepository" value="/Users/kevinorukele/.m2/repository"/>
    <property name="java.vendor.url.bug" value="https://github.com/adoptium/adoptium-support/issues"/>
    <property name="java.io.tmpdir" value="/var/folders/m7/qx3gs1vn759drs83phwq2jg80000gn/T/"/>
    <property name="java.version" value="18.0.1"/>
    <property name="user.dir" value="/Users/kevinorukele/Javaprojects/gitjavaprojects/RestAssuredAutomationE2EFramework"/>
    <property name="os.arch" value="aarch64"/>
    <property name="java.vm.specification.name" value="Java Virtual Machine Specification"/>
    <property name="native.encoding" value="UTF-8"/>
    <property name="java.library.path" value="/Users/kevinorukele/Library/Java/Extensions:/Library/Java/Extensions:/Network/Library/Java/Extensions:/System/Library/Java/Extensions:/usr/lib/java:."/>
    <property name="java.vm.info" value="mixed mode"/>
    <property name="java.vendor" value="Eclipse Adoptium"/>
    <property name="java.vm.version" value="18.0.1+10"/>
    <property name="sun.io.unicode.encoding" value="UnicodeBig"/>
    <property name="socksNonProxyHosts" value="local|*.local|169.254/16|*.169.254/16"/>
    <property name="java.class.version" value="62.0"/>
  </properties>
  <testcase name="Verify if Place is being successfully added using AddPlaceAPI #1" classname="Validating Place API&apos;s" time="2.341"/>
  <testcase name="Verify if Place is being successfully added using AddPlaceAPI #2" classname="Validating Place API&apos;s" time="1.391"/>
  <testcase name="Verify if Place is being successfully added using AddPlaceAPI #3" classname="Validating Place API&apos;s" time="1.38"/>
  <testcase name="Verify if delete place functionality is working" classname="Validating Place API&apos;s" time="0.857"/>
</testsuite>